Determining if the pthread_create exist failed with the following output:
Change Dir: /home/nvidia/jetson-car/build/CMakeFiles/CMakeTmp

Run Build Command:"/usr/bin/make" "cmTC_70a6b/fast"
/usr/bin/make -f CMakeFiles/cmTC_70a6b.dir/build.make CMakeFiles/cmTC_70a6b.dir/build
make[1]: Entering directory '/home/nvidia/jetson-car/build/CMakeFiles/CMakeTmp'
Building C object CMakeFiles/cmTC_70a6b.dir/CheckSymbolExists.c.o
/usr/bin/cc     -o CMakeFiles/cmTC_70a6b.dir/CheckSymbolExists.c.o   -c /home/nvidia/jetson-car/build/CMakeFiles/CMakeTmp/CheckSymbolExists.c
Linking C executable cmTC_70a6b
/usr/local/bin/cmake -E cmake_link_script CMakeFiles/cmTC_70a6b.dir/link.txt --verbose=1
/usr/bin/cc       CMakeFiles/cmTC_70a6b.dir/CheckSymbolExists.c.o  -o cmTC_70a6b -rdynamic 
CMakeFiles/cmTC_70a6b.dir/CheckSymbolExists.c.o: In function `main':
CheckSymbolExists.c:(.text+0x14): undefined reference to `pthread_create'
CheckSymbolExists.c:(.text+0x18): undefined reference to `pthread_create'
collect2: error: ld returned 1 exit status
CMakeFiles/cmTC_70a6b.dir/build.make:97: recipe for target 'cmTC_70a6b' failed
make[1]: *** [cmTC_70a6b] Error 1
make[1]: Leaving directory '/home/nvidia/jetson-car/build/CMakeFiles/CMakeTmp'
Makefile:126: recipe for target 'cmTC_70a6b/fast' failed
make: *** [cmTC_70a6b/fast] Error 2

File /home/nvidia/jetson-car/build/CMakeFiles/CMakeTmp/CheckSymbolExists.c:
/* */
#include <pthread.h>

int main(int argc, char** argv)
{
  (void)argv;
#ifndef pthread_create
  return ((int*)(&pthread_create))[argc];
#else
  (void)argc;
  return 0;
#endif
}

Determining if the function pthread_create exists in the pthreads failed with the following output:
Change Dir: /home/nvidia/jetson-car/build/CMakeFiles/CMakeTmp

Run Build Command:"/usr/bin/make" "cmTC_e25e7/fast"
/usr/bin/make -f CMakeFiles/cmTC_e25e7.dir/build.make CMakeFiles/cmTC_e25e7.dir/build
make[1]: Entering directory '/home/nvidia/jetson-car/build/CMakeFiles/CMakeTmp'
Building C object CMakeFiles/cmTC_e25e7.dir/CheckFunctionExists.c.o
/usr/bin/cc    -DCHECK_FUNCTION_EXISTS=pthread_create   -o CMakeFiles/cmTC_e25e7.dir/CheckFunctionExists.c.o   -c /usr/local/share/cmake-3.7/Modules/CheckFunctionExists.c
Linking C executable cmTC_e25e7
/usr/local/bin/cmake -E cmake_link_script CMakeFiles/cmTC_e25e7.dir/link.txt --verbose=1
/usr/bin/cc   -DCHECK_FUNCTION_EXISTS=pthread_create    CMakeFiles/cmTC_e25e7.dir/CheckFunctionExists.c.o  -o cmTC_e25e7 -rdynamic -lpthreads 
/usr/bin/ld: cannot find -lpthreads
collect2: error: ld returned 1 exit status
CMakeFiles/cmTC_e25e7.dir/build.make:97: recipe for target 'cmTC_e25e7' failed
make[1]: *** [cmTC_e25e7] Error 1
make[1]: Leaving directory '/home/nvidia/jetson-car/build/CMakeFiles/CMakeTmp'
Makefile:126: recipe for target 'cmTC_e25e7/fast' failed
make: *** [cmTC_e25e7/fast] Error 2


